Using pre-set license
Built from '2021.3/staging' branch; Version is '2021.3.4f1 (cb45f9cae8b7) revision 13321721'; Using compiler version '192829333'; Build Type 'Release'
OS: 'Windows 10  (10.0.19042) 64bit Enterprise' Language: 'en' Physical Memory: 16252 MB
BatchMode: 1, IsHumanControllingUs: 0, StartBugReporterOnCrash: 0, Is64bit: 1, IsPro: 1

COMMAND LINE ARGUMENTS:
C:\Program Files\Unity\Hub\Editor\2021.3.4f1\Editor\Unity.exe
-adb2
-batchMode
-noUpm
-name
AssetImportWorker0
-projectPath
C:/git/DoorsAndButtons/DoorsAndButtons
-logFile
Logs/AssetImportWorker0.log
-srvPort
60915
Successfully changed project path to: C:/git/DoorsAndButtons/DoorsAndButtons
C:/git/DoorsAndButtons/DoorsAndButtons
[UnityMemory] Configuration Parameters - Can be set up in boot.config
    "memorysetup-bucket-allocator-granularity=16"
    "memorysetup-bucket-allocator-bucket-count=8"
    "memorysetup-bucket-allocator-block-size=33554432"
    "memorysetup-bucket-allocator-block-count=8"
    "memorysetup-main-allocator-block-size=16777216"
    "memorysetup-thread-allocator-block-size=16777216"
    "memorysetup-gfx-main-allocator-block-size=16777216"
    "memorysetup-gfx-thread-allocator-block-size=16777216"
    "memorysetup-cache-allocator-block-size=4194304"
    "memorysetup-typetree-allocator-block-size=2097152"
    "memorysetup-profiler-bucket-allocator-granularity=16"
    "memorysetup-profiler-bucket-allocator-bucket-count=8"
    "memorysetup-profiler-bucket-allocator-block-size=33554432"
    "memorysetup-profiler-bucket-allocator-block-count=8"
    "memorysetup-profiler-allocator-block-size=16777216"
    "memorysetup-profiler-editor-allocator-block-size=1048576"
    "memorysetup-temp-allocator-size-main=16777216"
    "memorysetup-job-temp-allocator-block-size=2097152"
    "memorysetup-job-temp-allocator-block-size-background=1048576"
    "memorysetup-job-temp-allocator-reduction-small-platforms=262144"
    "memorysetup-temp-allocator-size-background-worker=32768"
    "memorysetup-temp-allocator-size-job-worker=262144"
    "memorysetup-temp-allocator-size-preload-manager=33554432"
    "memorysetup-temp-allocator-size-nav-mesh-worker=65536"
    "memorysetup-temp-allocator-size-audio-worker=65536"
    "memorysetup-temp-allocator-size-cloud-worker=32768"
    "memorysetup-temp-allocator-size-gi-baking-worker=262144"
    "memorysetup-temp-allocator-size-gfx=262144"
Refreshing native plugins compatible for Editor in 139.98 ms, found 3 plugins.
Preloading 0 native plugins for Editor in 0.00 ms.
Initialize engine version: 2021.3.4f1 (cb45f9cae8b7)
[Subsystems] Discovering subsystems at path C:/Program Files/Unity/Hub/Editor/2021.3.4f1/Editor/Data/Resources/UnitySubsystems
[Subsystems] Discovering subsystems at path C:/git/DoorsAndButtons/DoorsAndButtons/Assets
GfxDevice: creating device client; threaded=0; jobified=0
Direct3D:
    Version:  Direct3D 11.0 [level 11.1]
    Renderer: NVIDIA GeForce RTX 3060 Laptop GPU (ID=0x2560)
    Vendor:   NVIDIA
    VRAM:     6023 MB
    Driver:   27.21.14.6681
Initialize mono
Mono path[0] = 'C:/Program Files/Unity/Hub/Editor/2021.3.4f1/Editor/Data/Managed'
Mono path[1] = 'C:/Program Files/Unity/Hub/Editor/2021.3.4f1/Editor/Data/MonoBleedingEdge/lib/mono/unityjit-win32'
Mono config path = 'C:/Program Files/Unity/Hub/Editor/2021.3.4f1/Editor/Data/MonoBleedingEdge/etc'
Using monoOptions --debugger-agent=transport=dt_socket,embedding=1,server=y,suspend=n,address=127.0.0.1:56184
Begin MonoManager ReloadAssembly
Registering precompiled unity dll's ...
Register platform support module: C:/Program Files/Unity/Hub/Editor/2021.3.4f1/Editor/Data/PlaybackEngines/AndroidPlayer/UnityEditor.Android.Extensions.dll
Register platform support module: C:/Program Files/Unity/Hub/Editor/2021.3.4f1/Editor/Data/PlaybackEngines/WindowsStandaloneSupport/UnityEditor.WindowsStandalone.Extensions.dll
Registered in 0.010641 seconds.
Native extension for WindowsStandalone target not found
Native extension for Android target not found
Refreshing native plugins compatible for Editor in 104.88 ms, found 3 plugins.
Preloading 0 native plugins for Editor in 0.00 ms.
Mono: successfully reloaded assembly
- Completed reload, in  0.842 seconds
Domain Reload Profiling:
	ReloadAssembly (843ms)
		BeginReloadAssembly (181ms)
			ExecutionOrderSort (0ms)
			DisableScriptedObjects (0ms)
			BackupInstance (0ms)
			ReleaseScriptingObjects (0ms)
			CreateAndSetChildDomain (1ms)
		EndReloadAssembly (528ms)
			LoadAssemblies (180ms)
			RebuildTransferFunctionScriptingTraits (0ms)
			SetupTypeCache (133ms)
			ReleaseScriptCaches (0ms)
			RebuildScriptCaches (29ms)
			SetupLoadedEditorAssemblies (310ms)
				LogAssemblyErrors (0ms)
				InitializePlatformSupportModulesInManaged (57ms)
				SetLoadedEditorAssemblies (0ms)
				RefreshPlugins (105ms)
				BeforeProcessingInitializeOnLoad (2ms)
				ProcessInitializeOnLoadAttributes (101ms)
				ProcessInitializeOnLoadMethodAttributes (45ms)
				AfterProcessingInitializeOnLoad (0ms)
				EditorAssembliesLoaded (0ms)
			ExecutionOrderSort2 (0ms)
			AwakeInstancesAfterBackupRestoration (0ms)
Platform modules already initialized, skipping
Registering precompiled user dll's ...
Registered in 0.029077 seconds.
Begin MonoManager ReloadAssembly
An ADB process has shut down when we were accessing it, the following System.Threading.ThreadAbortException has been thrown: Thread was being aborted..
Symbol file LoadedFromMemory doesn't match image C:\git\DoorsAndButtons\DoorsAndButtons\Library\PackageCache\com.unity.visualscripting@1.7.8\Editor\VisualScripting.Core\Dependencies\YamlDotNet\Unity.VisualScripting.YamlDotNet.dll
Symbol file LoadedFromMemory doesn't match image C:\git\DoorsAndButtons\DoorsAndButtons\Library\PackageCache\com.unity.visualscripting@1.7.8\Editor\VisualScripting.Core\Dependencies\DotNetZip\Unity.VisualScripting.IonicZip.dll
Native extension for WindowsStandalone target not found
Native extension for Android target not found
Refreshing native plugins compatible for Editor in 0.83 ms, found 3 plugins.
Preloading 0 native plugins for Editor in 0.00 ms.
Mono: successfully reloaded assembly
- Completed reload, in  4.273 seconds
Domain Reload Profiling:
	ReloadAssembly (4274ms)
		BeginReloadAssembly (310ms)
			ExecutionOrderSort (0ms)
			DisableScriptedObjects (7ms)
			BackupInstance (0ms)
			ReleaseScriptingObjects (0ms)
			CreateAndSetChildDomain (133ms)
		EndReloadAssembly (3801ms)
			LoadAssemblies (222ms)
			RebuildTransferFunctionScriptingTraits (0ms)
			SetupTypeCache (368ms)
			ReleaseScriptCaches (1ms)
			RebuildScriptCaches (62ms)
			SetupLoadedEditorAssemblies (3172ms)
				LogAssemblyErrors (0ms)
				InitializePlatformSupportModulesInManaged (16ms)
				SetLoadedEditorAssemblies (0ms)
				RefreshPlugins (1ms)
				BeforeProcessingInitializeOnLoad (112ms)
				ProcessInitializeOnLoadAttributes (2982ms)
				ProcessInitializeOnLoadMethodAttributes (45ms)
				AfterProcessingInitializeOnLoad (14ms)
				EditorAssembliesLoaded (1ms)
			ExecutionOrderSort2 (0ms)
			AwakeInstancesAfterBackupRestoration (10ms)
Platform modules already initialized, skipping
========================================================================
Worker process is ready to serve import requests
Launched and connected shader compiler UnityShaderCompiler.exe after 0.95 seconds
Refreshing native plugins compatible for Editor in 1.41 ms, found 3 plugins.
Preloading 0 native plugins for Editor in 0.00 ms.
Unloading 4286 Unused Serialized files (Serialized files now loaded: 0)
Unloading 33 unused Assets / (111.4 KB). Loaded Objects now: 4741.
Memory consumption went from 151.0 MB to 150.9 MB.
Total: 3.502900 ms (FindLiveObjects: 0.367800 ms CreateObjectMapping: 0.154300 ms MarkObjects: 2.860000 ms  DeleteObjects: 0.119700 ms)

AssetImportParameters requested are different than current active one (requested -> active):
  custom:video-decoder-ogg-theora: a1e56fd34408186e4bbccfd4996cb3dc -> 
  custom:container-muxer-webm: aa71ff27fc2769a1b78a27578f13a17b -> 
  custom:container-demuxer-webm: 4f35f7cbe854078d1ac9338744f61a02 -> 
  custom:video-encoder-webm-vp8: eb34c28f22e8b96e1ab97ce403110664 -> 
  custom:audio-encoder-webm-vorbis: bf7c407c2cedff20999df2af8eb42d56 -> 
  custom:framework-win-MediaFoundation: 216162199b28c13a410421893ffa2e32 -> 
  custom:container-demuxer-ogg: 62fdf1f143b41e24485cea50d1cbac27 -> 
  custom:video-decoder-webm-vp8: 9c59270c3fd7afecdb556c50c9e8de78 -> 
  custom:audio-decoder-ogg-vorbis: bf7c407c2cedff20999df2af8eb42d56 -> 
========================================================================
Received Import Request.
  Time since last request: 1050778.191592 seconds.
  path: Assets/GameLogicScripts/GameLogicEngine.cs
  artifactKey: Guid(78ae3e71f95a8f4478147ff957dd3259) Importer(815301076,1909f56bfc062723c751e8b465ee728b)
Start importing Assets/GameLogicScripts/GameLogicEngine.cs using Guid(78ae3e71f95a8f4478147ff957dd3259) Importer(815301076,1909f56bfc062723c751e8b465ee728b)  -> (artifact id: '654b7eb8a29499bd6d2aafa4759bdf8a') in 0.049917 seconds 
========================================================================
Received Import Request.
  Time since last request: 46.043382 seconds.
  path: Assets/GameLogicScripts/GameLogicEngine.cs
  artifactKey: Guid(78ae3e71f95a8f4478147ff957dd3259) Importer(815301076,1909f56bfc062723c751e8b465ee728b)
Start importing Assets/GameLogicScripts/GameLogicEngine.cs using Guid(78ae3e71f95a8f4478147ff957dd3259) Importer(815301076,1909f56bfc062723c751e8b465ee728b)  -> (artifact id: '3c09a496a5331ff078c4a95a718d5b13') in 0.004749 seconds 
========================================================================
Received Import Request.
  Time since last request: 142.548983 seconds.
  path: Assets/GameLogicScripts/GameLogicEngine.cs
  artifactKey: Guid(78ae3e71f95a8f4478147ff957dd3259) Importer(815301076,1909f56bfc062723c751e8b465ee728b)
Start importing Assets/GameLogicScripts/GameLogicEngine.cs using Guid(78ae3e71f95a8f4478147ff957dd3259) Importer(815301076,1909f56bfc062723c751e8b465ee728b)  -> (artifact id: 'afc3898a342866a242af3941f955a375') in 0.004551 seconds 
========================================================================
Received Import Request.
  Time since last request: 12.852768 seconds.
  path: Assets/GameLogicScripts/GameLogicEngine.cs
  artifactKey: Guid(78ae3e71f95a8f4478147ff957dd3259) Importer(815301076,1909f56bfc062723c751e8b465ee728b)
Start importing Assets/GameLogicScripts/GameLogicEngine.cs using Guid(78ae3e71f95a8f4478147ff957dd3259) Importer(815301076,1909f56bfc062723c751e8b465ee728b)  -> (artifact id: '28058720943880c2396716ef7d0dce2c') in 0.003750 seconds 
========================================================================
Received Import Request.
  Time since last request: 61.206051 seconds.
  path: Assets/GameLogicScripts/GameLogicEngine.cs
  artifactKey: Guid(78ae3e71f95a8f4478147ff957dd3259) Importer(815301076,1909f56bfc062723c751e8b465ee728b)
Start importing Assets/GameLogicScripts/GameLogicEngine.cs using Guid(78ae3e71f95a8f4478147ff957dd3259) Importer(815301076,1909f56bfc062723c751e8b465ee728b)  -> (artifact id: 'dab5adf09e51809ac2aec5f113968b56') in 0.004365 seconds 
========================================================================
Received Import Request.
  Time since last request: 12.968537 seconds.
  path: Assets/GameLogicScripts/GameLogicEngine.cs
  artifactKey: Guid(78ae3e71f95a8f4478147ff957dd3259) Importer(815301076,1909f56bfc062723c751e8b465ee728b)
Start importing Assets/GameLogicScripts/GameLogicEngine.cs using Guid(78ae3e71f95a8f4478147ff957dd3259) Importer(815301076,1909f56bfc062723c751e8b465ee728b)  -> (artifact id: '63c7b769f29d97b384de3e5276bc23d6') in 0.004082 seconds 
========================================================================
Received Import Request.
  Time since last request: 323.154919 seconds.
  path: Assets/GameLogicScripts/GameLogicEngine.cs
  artifactKey: Guid(78ae3e71f95a8f4478147ff957dd3259) Importer(815301076,1909f56bfc062723c751e8b465ee728b)
Start importing Assets/GameLogicScripts/GameLogicEngine.cs using Guid(78ae3e71f95a8f4478147ff957dd3259) Importer(815301076,1909f56bfc062723c751e8b465ee728b)  -> (artifact id: '9b377febceb8cb61cfcacd8dbd7e8909') in 0.004585 seconds 
========================================================================
Received Import Request.
  Time since last request: 159.237595 seconds.
  path: Assets/GameLogicScripts/GameLogicEngine.cs
  artifactKey: Guid(78ae3e71f95a8f4478147ff957dd3259) Importer(815301076,1909f56bfc062723c751e8b465ee728b)
Start importing Assets/GameLogicScripts/GameLogicEngine.cs using Guid(78ae3e71f95a8f4478147ff957dd3259) Importer(815301076,1909f56bfc062723c751e8b465ee728b)  -> (artifact id: '6bfdae21ee0b337e058bc0ca99a3b899') in 0.004442 seconds 
========================================================================
Received Import Request.
  Time since last request: 79.150914 seconds.
  path: Assets/GameLogicScripts/GameLogicEngine.cs
  artifactKey: Guid(78ae3e71f95a8f4478147ff957dd3259) Importer(815301076,1909f56bfc062723c751e8b465ee728b)
Start importing Assets/GameLogicScripts/GameLogicEngine.cs using Guid(78ae3e71f95a8f4478147ff957dd3259) Importer(815301076,1909f56bfc062723c751e8b465ee728b)  -> (artifact id: 'a155167d2f865b6c91d0a28da0326ada') in 0.004415 seconds 
========================================================================
Received Import Request.
  Time since last request: 212.094610 seconds.
  path: Assets/GameLogicScripts/GameLogicEngine.cs
  artifactKey: Guid(78ae3e71f95a8f4478147ff957dd3259) Importer(815301076,1909f56bfc062723c751e8b465ee728b)
Start importing Assets/GameLogicScripts/GameLogicEngine.cs using Guid(78ae3e71f95a8f4478147ff957dd3259) Importer(815301076,1909f56bfc062723c751e8b465ee728b)  -> (artifact id: '3f374bd48c069c7716a9f37d31ee883a') in 0.004409 seconds 
========================================================================
Received Import Request.
  Time since last request: 151.889649 seconds.
  path: Assets/GameLogicScripts/GameLogicEngine.cs
  artifactKey: Guid(78ae3e71f95a8f4478147ff957dd3259) Importer(815301076,1909f56bfc062723c751e8b465ee728b)
Start importing Assets/GameLogicScripts/GameLogicEngine.cs using Guid(78ae3e71f95a8f4478147ff957dd3259) Importer(815301076,1909f56bfc062723c751e8b465ee728b)  -> (artifact id: '94ebf3b25d1a1895ab98349b3d7e247b') in 0.005449 seconds 
========================================================================
Received Import Request.
  Time since last request: 14.717088 seconds.
  path: Assets/GameLogicScripts/GameLogicEngine.cs
  artifactKey: Guid(78ae3e71f95a8f4478147ff957dd3259) Importer(815301076,1909f56bfc062723c751e8b465ee728b)
Start importing Assets/GameLogicScripts/GameLogicEngine.cs using Guid(78ae3e71f95a8f4478147ff957dd3259) Importer(815301076,1909f56bfc062723c751e8b465ee728b)  -> (artifact id: '1b820e6ef8ca744818854b385ecabe09') in 0.003083 seconds 
========================================================================
Received Import Request.
  Time since last request: 101.394723 seconds.
  path: Assets/GameLogicScripts/GameLogicEngine.cs
  artifactKey: Guid(78ae3e71f95a8f4478147ff957dd3259) Importer(815301076,1909f56bfc062723c751e8b465ee728b)
Start importing Assets/GameLogicScripts/GameLogicEngine.cs using Guid(78ae3e71f95a8f4478147ff957dd3259) Importer(815301076,1909f56bfc062723c751e8b465ee728b)  -> (artifact id: '752fca24cdb549b2a2fba0e16307e194') in 0.004520 seconds 
========================================================================
Received Import Request.
  Time since last request: 21.745226 seconds.
  path: Assets/GameLogicScripts/GameLogicEngine.cs
  artifactKey: Guid(78ae3e71f95a8f4478147ff957dd3259) Importer(815301076,1909f56bfc062723c751e8b465ee728b)
Start importing Assets/GameLogicScripts/GameLogicEngine.cs using Guid(78ae3e71f95a8f4478147ff957dd3259) Importer(815301076,1909f56bfc062723c751e8b465ee728b)  -> (artifact id: '70c1a64d703e7e2a8cb727f334679a61') in 0.003789 seconds 
========================================================================
Received Import Request.
  Time since last request: 2.876705 seconds.
  path: Assets/GameLogicScripts/GameLogicEngine.cs
  artifactKey: Guid(78ae3e71f95a8f4478147ff957dd3259) Importer(815301076,1909f56bfc062723c751e8b465ee728b)
Start importing Assets/GameLogicScripts/GameLogicEngine.cs using Guid(78ae3e71f95a8f4478147ff957dd3259) Importer(815301076,1909f56bfc062723c751e8b465ee728b)  -> (artifact id: '55f3d5d4f355ade44ede19b92d1b6082') in 0.004137 seconds 
========================================================================
Received Import Request.
  Time since last request: 23.549042 seconds.
  path: Assets/GameLogicScripts/GameLogicEngine.cs
  artifactKey: Guid(78ae3e71f95a8f4478147ff957dd3259) Importer(815301076,1909f56bfc062723c751e8b465ee728b)
Start importing Assets/GameLogicScripts/GameLogicEngine.cs using Guid(78ae3e71f95a8f4478147ff957dd3259) Importer(815301076,1909f56bfc062723c751e8b465ee728b)  -> (artifact id: '8b13ea5353da77bebc1be3bd6ff04c21') in 0.004370 seconds 
========================================================================
Received Import Request.
  Time since last request: 87.747177 seconds.
  path: Assets/GameLogicScripts/GameLogicEngine.cs
  artifactKey: Guid(78ae3e71f95a8f4478147ff957dd3259) Importer(815301076,1909f56bfc062723c751e8b465ee728b)
Start importing Assets/GameLogicScripts/GameLogicEngine.cs using Guid(78ae3e71f95a8f4478147ff957dd3259) Importer(815301076,1909f56bfc062723c751e8b465ee728b)  -> (artifact id: '7d6f08c10b113e8432c4f1d2c0e82846') in 0.005252 seconds 
========================================================================
Received Import Request.
  Time since last request: 348.176890 seconds.
  path: Assets/UnityRelatedScripts/SceneInstallers
  artifactKey: Guid(6054e57a4ad78484eb00813099e425e4) Importer(815301076,1909f56bfc062723c751e8b465ee728b)
Start importing Assets/UnityRelatedScripts/SceneInstallers using Guid(6054e57a4ad78484eb00813099e425e4) Importer(815301076,1909f56bfc062723c751e8b465ee728b)  -> (artifact id: '03c93f7b869ce143c80f6b8b582689c2') in 0.005851 seconds 
========================================================================
Received Import Request.
  Time since last request: 26.465228 seconds.
  path: Assets/UnityRelatedScripts/SceneInstallers/GameLogicEngineInstaller.cs
  artifactKey: Guid(a4a6ad684782a8c42a2a1d4b604dc4b4) Importer(815301076,1909f56bfc062723c751e8b465ee728b)
Start importing Assets/UnityRelatedScripts/SceneInstallers/GameLogicEngineInstaller.cs using Guid(a4a6ad684782a8c42a2a1d4b604dc4b4) Importer(815301076,1909f56bfc062723c751e8b465ee728b)  -> (artifact id: 'd68be9e2c893bfa95acd564ab5b3f288') in 0.005841 seconds 
========================================================================
Received Import Request.
  Time since last request: 208.124563 seconds.
  path: Assets/UnityRelatedScripts/SceneInstallers/GameLogicEngineInstaller.cs
  artifactKey: Guid(a4a6ad684782a8c42a2a1d4b604dc4b4) Importer(815301076,1909f56bfc062723c751e8b465ee728b)
Start importing Assets/UnityRelatedScripts/SceneInstallers/GameLogicEngineInstaller.cs using Guid(a4a6ad684782a8c42a2a1d4b604dc4b4) Importer(815301076,1909f56bfc062723c751e8b465ee728b)  -> (artifact id: '3560d968a3e98fa27ba7759ed0d1bb10') in 0.005236 seconds 
========================================================================
Received Import Request.
  Time since last request: 27.075844 seconds.
  path: Assets/UnityRelatedScripts/SceneInstallers/GameLogicEngineInstaller.cs
  artifactKey: Guid(a4a6ad684782a8c42a2a1d4b604dc4b4) Importer(815301076,1909f56bfc062723c751e8b465ee728b)
Start importing Assets/UnityRelatedScripts/SceneInstallers/GameLogicEngineInstaller.cs using Guid(a4a6ad684782a8c42a2a1d4b604dc4b4) Importer(815301076,1909f56bfc062723c751e8b465ee728b)  -> (artifact id: '60a2a569ef4afa31101085ec5bdd3c17') in 0.002941 seconds 
========================================================================
Received Import Request.
  Time since last request: 21.524731 seconds.
  path: Assets/UnityRelatedScripts/SceneInstallers/GameLogicEngineInstaller.cs
  artifactKey: Guid(a4a6ad684782a8c42a2a1d4b604dc4b4) Importer(815301076,1909f56bfc062723c751e8b465ee728b)
Start importing Assets/UnityRelatedScripts/SceneInstallers/GameLogicEngineInstaller.cs using Guid(a4a6ad684782a8c42a2a1d4b604dc4b4) Importer(815301076,1909f56bfc062723c751e8b465ee728b)  -> (artifact id: 'ab428af78affd4c5f753b20ec4cd79ab') in 0.004475 seconds 
========================================================================
Received Prepare
Registering precompiled user dll's ...
Registered in 0.033157 seconds.
Begin MonoManager ReloadAssembly
Symbol file LoadedFromMemory doesn't match image C:\git\DoorsAndButtons\DoorsAndButtons\Library\PackageCache\com.unity.visualscripting@1.7.8\Editor\VisualScripting.Core\Dependencies\YamlDotNet\Unity.VisualScripting.YamlDotNet.dll
Symbol file LoadedFromMemory doesn't match image C:\git\DoorsAndButtons\DoorsAndButtons\Library\PackageCache\com.unity.visualscripting@1.7.8\Editor\VisualScripting.Core\Dependencies\DotNetZip\Unity.VisualScripting.IonicZip.dll
Native extension for WindowsStandalone target not found
Native extension for Android target not found
Refreshing native plugins compatible for Editor in 0.83 ms, found 3 plugins.
Preloading 0 native plugins for Editor in 0.00 ms.
Mono: successfully reloaded assembly
- Completed reload, in  3.306 seconds
Domain Reload Profiling:
	ReloadAssembly (3307ms)
		BeginReloadAssembly (274ms)
			ExecutionOrderSort (0ms)
			DisableScriptedObjects (6ms)
			BackupInstance (0ms)
			ReleaseScriptingObjects (0ms)
			CreateAndSetChildDomain (84ms)
		EndReloadAssembly (2908ms)
			LoadAssemblies (210ms)
			RebuildTransferFunctionScriptingTraits (0ms)
			SetupTypeCache (298ms)
			ReleaseScriptCaches (1ms)
			RebuildScriptCaches (41ms)
			SetupLoadedEditorAssemblies (2407ms)
				LogAssemblyErrors (0ms)
				InitializePlatformSupportModulesInManaged (25ms)
				SetLoadedEditorAssemblies (0ms)
				RefreshPlugins (1ms)
				BeforeProcessingInitializeOnLoad (81ms)
				ProcessInitializeOnLoadAttributes (2234ms)
				ProcessInitializeOnLoadMethodAttributes (55ms)
				AfterProcessingInitializeOnLoad (11ms)
				EditorAssembliesLoaded (0ms)
			ExecutionOrderSort2 (0ms)
			AwakeInstancesAfterBackupRestoration (6ms)
Platform modules already initialized, skipping
Refreshing native plugins compatible for Editor in 6.05 ms, found 3 plugins.
Preloading 0 native plugins for Editor in 0.00 ms.
Unloading 4279 Unused Serialized files (Serialized files now loaded: 0)
Unloading 25 unused Assets / (79.0 KB). Loaded Objects now: 4745.
Memory consumption went from 150.7 MB to 150.6 MB.
Total: 3.513000 ms (FindLiveObjects: 0.313200 ms CreateObjectMapping: 0.137300 ms MarkObjects: 2.967800 ms  DeleteObjects: 0.093900 ms)

AssetImportParameters requested are different than current active one (requested -> active):
  custom:video-decoder-ogg-theora: a1e56fd34408186e4bbccfd4996cb3dc -> 
  custom:container-muxer-webm: aa71ff27fc2769a1b78a27578f13a17b -> 
  custom:container-demuxer-webm: 4f35f7cbe854078d1ac9338744f61a02 -> 
  custom:video-encoder-webm-vp8: eb34c28f22e8b96e1ab97ce403110664 -> 
  custom:audio-encoder-webm-vorbis: bf7c407c2cedff20999df2af8eb42d56 -> 
  custom:framework-win-MediaFoundation: 216162199b28c13a410421893ffa2e32 -> 
  custom:container-demuxer-ogg: 62fdf1f143b41e24485cea50d1cbac27 -> 
  custom:video-decoder-webm-vp8: 9c59270c3fd7afecdb556c50c9e8de78 -> 
  custom:audio-decoder-ogg-vorbis: bf7c407c2cedff20999df2af8eb42d56 -> 
========================================================================
Received Prepare
Registering precompiled user dll's ...
Registered in 0.030777 seconds.
Begin MonoManager ReloadAssembly
Symbol file LoadedFromMemory doesn't match image C:\git\DoorsAndButtons\DoorsAndButtons\Library\PackageCache\com.unity.visualscripting@1.7.8\Editor\VisualScripting.Core\Dependencies\YamlDotNet\Unity.VisualScripting.YamlDotNet.dll
Symbol file LoadedFromMemory doesn't match image C:\git\DoorsAndButtons\DoorsAndButtons\Library\PackageCache\com.unity.visualscripting@1.7.8\Editor\VisualScripting.Core\Dependencies\DotNetZip\Unity.VisualScripting.IonicZip.dll
Native extension for WindowsStandalone target not found
Native extension for Android target not found
Refreshing native plugins compatible for Editor in 0.84 ms, found 3 plugins.
Preloading 0 native plugins for Editor in 0.00 ms.
Mono: successfully reloaded assembly
- Completed reload, in  3.494 seconds
Domain Reload Profiling:
	ReloadAssembly (3495ms)
		BeginReloadAssembly (288ms)
			ExecutionOrderSort (0ms)
			DisableScriptedObjects (7ms)
			BackupInstance (0ms)
			ReleaseScriptingObjects (0ms)
			CreateAndSetChildDomain (98ms)
		EndReloadAssembly (3070ms)
			LoadAssemblies (208ms)
			RebuildTransferFunctionScriptingTraits (0ms)
			SetupTypeCache (333ms)
			ReleaseScriptCaches (2ms)
			RebuildScriptCaches (48ms)
			SetupLoadedEditorAssemblies (2521ms)
				LogAssemblyErrors (0ms)
				InitializePlatformSupportModulesInManaged (28ms)
				SetLoadedEditorAssemblies (1ms)
				RefreshPlugins (1ms)
				BeforeProcessingInitializeOnLoad (91ms)
				ProcessInitializeOnLoadAttributes (2361ms)
				ProcessInitializeOnLoadMethodAttributes (30ms)
				AfterProcessingInitializeOnLoad (9ms)
				EditorAssembliesLoaded (0ms)
			ExecutionOrderSort2 (0ms)
			AwakeInstancesAfterBackupRestoration (5ms)
Platform modules already initialized, skipping
Refreshing native plugins compatible for Editor in 5.90 ms, found 3 plugins.
Preloading 0 native plugins for Editor in 0.00 ms.
Unloading 4279 Unused Serialized files (Serialized files now loaded: 0)
Unloading 25 unused Assets / (78.9 KB). Loaded Objects now: 4748.
Memory consumption went from 150.7 MB to 150.7 MB.
Total: 3.191500 ms (FindLiveObjects: 0.283200 ms CreateObjectMapping: 0.127600 ms MarkObjects: 2.687700 ms  DeleteObjects: 0.091900 ms)

AssetImportParameters requested are different than current active one (requested -> active):
  custom:video-decoder-ogg-theora: a1e56fd34408186e4bbccfd4996cb3dc -> 
  custom:container-muxer-webm: aa71ff27fc2769a1b78a27578f13a17b -> 
  custom:container-demuxer-webm: 4f35f7cbe854078d1ac9338744f61a02 -> 
  custom:video-encoder-webm-vp8: eb34c28f22e8b96e1ab97ce403110664 -> 
  custom:audio-encoder-webm-vorbis: bf7c407c2cedff20999df2af8eb42d56 -> 
  custom:framework-win-MediaFoundation: 216162199b28c13a410421893ffa2e32 -> 
  custom:container-demuxer-ogg: 62fdf1f143b41e24485cea50d1cbac27 -> 
  custom:video-decoder-webm-vp8: 9c59270c3fd7afecdb556c50c9e8de78 -> 
  custom:audio-decoder-ogg-vorbis: bf7c407c2cedff20999df2af8eb42d56 -> 
========================================================================
Received Prepare
Registering precompiled user dll's ...
Registered in 0.033535 seconds.
Begin MonoManager ReloadAssembly
Symbol file LoadedFromMemory doesn't match image C:\git\DoorsAndButtons\DoorsAndButtons\Library\PackageCache\com.unity.visualscripting@1.7.8\Editor\VisualScripting.Core\Dependencies\YamlDotNet\Unity.VisualScripting.YamlDotNet.dll
Symbol file LoadedFromMemory doesn't match image C:\git\DoorsAndButtons\DoorsAndButtons\Library\PackageCache\com.unity.visualscripting@1.7.8\Editor\VisualScripting.Core\Dependencies\DotNetZip\Unity.VisualScripting.IonicZip.dll
Native extension for WindowsStandalone target not found
Native extension for Android target not found
Refreshing native plugins compatible for Editor in 0.81 ms, found 3 plugins.
Preloading 0 native plugins for Editor in 0.00 ms.
Mono: successfully reloaded assembly
- Completed reload, in  3.219 seconds
Domain Reload Profiling:
	ReloadAssembly (3220ms)
		BeginReloadAssembly (222ms)
			ExecutionOrderSort (0ms)
			DisableScriptedObjects (7ms)
			BackupInstance (0ms)
			ReleaseScriptingObjects (0ms)
			CreateAndSetChildDomain (80ms)
		EndReloadAssembly (2872ms)
			LoadAssemblies (157ms)
			RebuildTransferFunctionScriptingTraits (0ms)
			SetupTypeCache (296ms)
			ReleaseScriptCaches (2ms)
			RebuildScriptCaches (41ms)
			SetupLoadedEditorAssemblies (2377ms)
				LogAssemblyErrors (0ms)
				InitializePlatformSupportModulesInManaged (24ms)
				SetLoadedEditorAssemblies (0ms)
				RefreshPlugins (1ms)
				BeforeProcessingInitializeOnLoad (78ms)
				ProcessInitializeOnLoadAttributes (2235ms)
				ProcessInitializeOnLoadMethodAttributes (30ms)
				AfterProcessingInitializeOnLoad (9ms)
				EditorAssembliesLoaded (0ms)
			ExecutionOrderSort2 (0ms)
			AwakeInstancesAfterBackupRestoration (5ms)
Platform modules already initialized, skipping
Refreshing native plugins compatible for Editor in 5.75 ms, found 3 plugins.
Preloading 0 native plugins for Editor in 0.00 ms.
Unloading 4279 Unused Serialized files (Serialized files now loaded: 0)
Unloading 25 unused Assets / (78.9 KB). Loaded Objects now: 4751.
Memory consumption went from 150.7 MB to 150.7 MB.
Total: 3.148700 ms (FindLiveObjects: 0.322800 ms CreateObjectMapping: 0.120200 ms MarkObjects: 2.616700 ms  DeleteObjects: 0.087700 ms)

AssetImportParameters requested are different than current active one (requested -> active):
  custom:video-decoder-ogg-theora: a1e56fd34408186e4bbccfd4996cb3dc -> 
  custom:container-muxer-webm: aa71ff27fc2769a1b78a27578f13a17b -> 
  custom:container-demuxer-webm: 4f35f7cbe854078d1ac9338744f61a02 -> 
  custom:video-encoder-webm-vp8: eb34c28f22e8b96e1ab97ce403110664 -> 
  custom:audio-encoder-webm-vorbis: bf7c407c2cedff20999df2af8eb42d56 -> 
  custom:framework-win-MediaFoundation: 216162199b28c13a410421893ffa2e32 -> 
  custom:container-demuxer-ogg: 62fdf1f143b41e24485cea50d1cbac27 -> 
  custom:video-decoder-webm-vp8: 9c59270c3fd7afecdb556c50c9e8de78 -> 
  custom:audio-decoder-ogg-vorbis: bf7c407c2cedff20999df2af8eb42d56 -> 
========================================================================
Received Prepare
Registering precompiled user dll's ...
Registered in 0.030938 seconds.
Begin MonoManager ReloadAssembly
Symbol file LoadedFromMemory doesn't match image C:\git\DoorsAndButtons\DoorsAndButtons\Library\PackageCache\com.unity.visualscripting@1.7.8\Editor\VisualScripting.Core\Dependencies\YamlDotNet\Unity.VisualScripting.YamlDotNet.dll
Symbol file LoadedFromMemory doesn't match image C:\git\DoorsAndButtons\DoorsAndButtons\Library\PackageCache\com.unity.visualscripting@1.7.8\Editor\VisualScripting.Core\Dependencies\DotNetZip\Unity.VisualScripting.IonicZip.dll
Native extension for WindowsStandalone target not found
Native extension for Android target not found
Refreshing native plugins compatible for Editor in 0.85 ms, found 3 plugins.
Preloading 0 native plugins for Editor in 0.00 ms.
Mono: successfully reloaded assembly
- Completed reload, in  3.209 seconds
Domain Reload Profiling:
	ReloadAssembly (3210ms)
		BeginReloadAssembly (254ms)
			ExecutionOrderSort (0ms)
			DisableScriptedObjects (6ms)
			BackupInstance (0ms)
			ReleaseScriptingObjects (0ms)
			CreateAndSetChildDomain (81ms)
		EndReloadAssembly (2833ms)
			LoadAssemblies (187ms)
			RebuildTransferFunctionScriptingTraits (0ms)
			SetupTypeCache (292ms)
			ReleaseScriptCaches (1ms)
			RebuildScriptCaches (43ms)
			SetupLoadedEditorAssemblies (2345ms)
				LogAssemblyErrors (0ms)
				InitializePlatformSupportModulesInManaged (25ms)
				SetLoadedEditorAssemblies (0ms)
				RefreshPlugins (1ms)
				BeforeProcessingInitializeOnLoad (80ms)
				ProcessInitializeOnLoadAttributes (2200ms)
				ProcessInitializeOnLoadMethodAttributes (29ms)
				AfterProcessingInitializeOnLoad (9ms)
				EditorAssembliesLoaded (0ms)
			ExecutionOrderSort2 (0ms)
			AwakeInstancesAfterBackupRestoration (5ms)
Platform modules already initialized, skipping
Refreshing native plugins compatible for Editor in 5.76 ms, found 3 plugins.
Preloading 0 native plugins for Editor in 0.00 ms.
Unloading 4279 Unused Serialized files (Serialized files now loaded: 0)
Unloading 25 unused Assets / (79.0 KB). Loaded Objects now: 4754.
Memory consumption went from 150.7 MB to 150.7 MB.
Total: 3.330900 ms (FindLiveObjects: 0.303800 ms CreateObjectMapping: 0.129300 ms MarkObjects: 2.810200 ms  DeleteObjects: 0.086500 ms)

AssetImportParameters requested are different than current active one (requested -> active):
  custom:video-decoder-ogg-theora: a1e56fd34408186e4bbccfd4996cb3dc -> 
  custom:container-muxer-webm: aa71ff27fc2769a1b78a27578f13a17b -> 
  custom:container-demuxer-webm: 4f35f7cbe854078d1ac9338744f61a02 -> 
  custom:video-encoder-webm-vp8: eb34c28f22e8b96e1ab97ce403110664 -> 
  custom:audio-encoder-webm-vorbis: bf7c407c2cedff20999df2af8eb42d56 -> 
  custom:framework-win-MediaFoundation: 216162199b28c13a410421893ffa2e32 -> 
  custom:container-demuxer-ogg: 62fdf1f143b41e24485cea50d1cbac27 -> 
  custom:video-decoder-webm-vp8: 9c59270c3fd7afecdb556c50c9e8de78 -> 
  custom:audio-decoder-ogg-vorbis: bf7c407c2cedff20999df2af8eb42d56 -> 
========================================================================
Received Prepare
Registering precompiled user dll's ...
Registered in 0.033015 seconds.
Begin MonoManager ReloadAssembly
Symbol file LoadedFromMemory doesn't match image C:\git\DoorsAndButtons\DoorsAndButtons\Library\PackageCache\com.unity.visualscripting@1.7.8\Editor\VisualScripting.Core\Dependencies\YamlDotNet\Unity.VisualScripting.YamlDotNet.dll
Symbol file LoadedFromMemory doesn't match image C:\git\DoorsAndButtons\DoorsAndButtons\Library\PackageCache\com.unity.visualscripting@1.7.8\Editor\VisualScripting.Core\Dependencies\DotNetZip\Unity.VisualScripting.IonicZip.dll
Native extension for WindowsStandalone target not found
Native extension for Android target not found
Refreshing native plugins compatible for Editor in 1.08 ms, found 3 plugins.
Preloading 0 native plugins for Editor in 0.00 ms.
Mono: successfully reloaded assembly
- Completed reload, in  3.800 seconds
Domain Reload Profiling:
	ReloadAssembly (3801ms)
		BeginReloadAssembly (251ms)
			ExecutionOrderSort (0ms)
			DisableScriptedObjects (7ms)
			BackupInstance (0ms)
			ReleaseScriptingObjects (0ms)
			CreateAndSetChildDomain (92ms)
		EndReloadAssembly (3408ms)
			LoadAssemblies (180ms)
			RebuildTransferFunctionScriptingTraits (0ms)
			SetupTypeCache (384ms)
			ReleaseScriptCaches (1ms)
			RebuildScriptCaches (45ms)
			SetupLoadedEditorAssemblies (2798ms)
				LogAssemblyErrors (0ms)
				InitializePlatformSupportModulesInManaged (27ms)
				SetLoadedEditorAssemblies (1ms)
				RefreshPlugins (1ms)
				BeforeProcessingInitializeOnLoad (87ms)
				ProcessInitializeOnLoadAttributes (2632ms)
				ProcessInitializeOnLoadMethodAttributes (36ms)
				AfterProcessingInitializeOnLoad (13ms)
				EditorAssembliesLoaded (0ms)
			ExecutionOrderSort2 (0ms)
			AwakeInstancesAfterBackupRestoration (6ms)
Platform modules already initialized, skipping
Refreshing native plugins compatible for Editor in 6.77 ms, found 3 plugins.
Preloading 0 native plugins for Editor in 0.00 ms.
Unloading 4279 Unused Serialized files (Serialized files now loaded: 0)
Unloading 25 unused Assets / (79.0 KB). Loaded Objects now: 4757.
Memory consumption went from 150.8 MB to 150.7 MB.
Total: 4.441100 ms (FindLiveObjects: 0.301900 ms CreateObjectMapping: 0.385900 ms MarkObjects: 3.646600 ms  DeleteObjects: 0.105600 ms)

AssetImportParameters requested are different than current active one (requested -> active):
  custom:video-decoder-ogg-theora: a1e56fd34408186e4bbccfd4996cb3dc -> 
  custom:container-muxer-webm: aa71ff27fc2769a1b78a27578f13a17b -> 
  custom:container-demuxer-webm: 4f35f7cbe854078d1ac9338744f61a02 -> 
  custom:video-encoder-webm-vp8: eb34c28f22e8b96e1ab97ce403110664 -> 
  custom:audio-encoder-webm-vorbis: bf7c407c2cedff20999df2af8eb42d56 -> 
  custom:framework-win-MediaFoundation: 216162199b28c13a410421893ffa2e32 -> 
  custom:container-demuxer-ogg: 62fdf1f143b41e24485cea50d1cbac27 -> 
  custom:video-decoder-webm-vp8: 9c59270c3fd7afecdb556c50c9e8de78 -> 
  custom:audio-decoder-ogg-vorbis: bf7c407c2cedff20999df2af8eb42d56 -> 
========================================================================
Received Prepare
Registering precompiled user dll's ...
Registered in 0.028364 seconds.
Begin MonoManager ReloadAssembly
Symbol file LoadedFromMemory doesn't match image C:\git\DoorsAndButtons\DoorsAndButtons\Library\PackageCache\com.unity.visualscripting@1.7.8\Editor\VisualScripting.Core\Dependencies\YamlDotNet\Unity.VisualScripting.YamlDotNet.dll
Symbol file LoadedFromMemory doesn't match image C:\git\DoorsAndButtons\DoorsAndButtons\Library\PackageCache\com.unity.visualscripting@1.7.8\Editor\VisualScripting.Core\Dependencies\DotNetZip\Unity.VisualScripting.IonicZip.dll
Native extension for WindowsStandalone target not found
Native extension for Android target not found
Refreshing native plugins compatible for Editor in 1.09 ms, found 3 plugins.
Preloading 0 native plugins for Editor in 0.00 ms.
Mono: successfully reloaded assembly
- Completed reload, in  3.303 seconds
Domain Reload Profiling:
	ReloadAssembly (3304ms)
		BeginReloadAssembly (246ms)
			ExecutionOrderSort (0ms)
			DisableScriptedObjects (7ms)
			BackupInstance (0ms)
			ReleaseScriptingObjects (0ms)
			CreateAndSetChildDomain (88ms)
		EndReloadAssembly (2921ms)
			LoadAssemblies (173ms)
			RebuildTransferFunctionScriptingTraits (0ms)
			SetupTypeCache (311ms)
			ReleaseScriptCaches (2ms)
			RebuildScriptCaches (44ms)
			SetupLoadedEditorAssemblies (2404ms)
				LogAssemblyErrors (0ms)
				InitializePlatformSupportModulesInManaged (26ms)
				SetLoadedEditorAssemblies (0ms)
				RefreshPlugins (1ms)
				BeforeProcessingInitializeOnLoad (84ms)
				ProcessInitializeOnLoadAttributes (2253ms)
				ProcessInitializeOnLoadMethodAttributes (30ms)
				AfterProcessingInitializeOnLoad (9ms)
				EditorAssembliesLoaded (0ms)
			ExecutionOrderSort2 (0ms)
			AwakeInstancesAfterBackupRestoration (5ms)
Platform modules already initialized, skipping
Refreshing native plugins compatible for Editor in 6.34 ms, found 3 plugins.
Preloading 0 native plugins for Editor in 0.00 ms.
Unloading 4279 Unused Serialized files (Serialized files now loaded: 0)
Unloading 25 unused Assets / (78.9 KB). Loaded Objects now: 4760.
Memory consumption went from 150.8 MB to 150.7 MB.
Total: 3.687900 ms (FindLiveObjects: 0.304100 ms CreateObjectMapping: 0.232400 ms MarkObjects: 3.048000 ms  DeleteObjects: 0.102400 ms)

AssetImportParameters requested are different than current active one (requested -> active):
  custom:video-decoder-ogg-theora: a1e56fd34408186e4bbccfd4996cb3dc -> 
  custom:container-muxer-webm: aa71ff27fc2769a1b78a27578f13a17b -> 
  custom:container-demuxer-webm: 4f35f7cbe854078d1ac9338744f61a02 -> 
  custom:video-encoder-webm-vp8: eb34c28f22e8b96e1ab97ce403110664 -> 
  custom:audio-encoder-webm-vorbis: bf7c407c2cedff20999df2af8eb42d56 -> 
  custom:framework-win-MediaFoundation: 216162199b28c13a410421893ffa2e32 -> 
  custom:container-demuxer-ogg: 62fdf1f143b41e24485cea50d1cbac27 -> 
  custom:video-decoder-webm-vp8: 9c59270c3fd7afecdb556c50c9e8de78 -> 
  custom:audio-decoder-ogg-vorbis: bf7c407c2cedff20999df2af8eb42d56 -> 
========================================================================
Received Prepare
Registering precompiled user dll's ...
Registered in 0.031583 seconds.
Begin MonoManager ReloadAssembly
Symbol file LoadedFromMemory doesn't match image C:\git\DoorsAndButtons\DoorsAndButtons\Library\PackageCache\com.unity.visualscripting@1.7.8\Editor\VisualScripting.Core\Dependencies\YamlDotNet\Unity.VisualScripting.YamlDotNet.dll
Symbol file LoadedFromMemory doesn't match image C:\git\DoorsAndButtons\DoorsAndButtons\Library\PackageCache\com.unity.visualscripting@1.7.8\Editor\VisualScripting.Core\Dependencies\DotNetZip\Unity.VisualScripting.IonicZip.dll
Native extension for WindowsStandalone target not found
Native extension for Android target not found
Refreshing native plugins compatible for Editor in 0.86 ms, found 3 plugins.
Preloading 0 native plugins for Editor in 0.00 ms.
Mono: successfully reloaded assembly
- Completed reload, in  3.658 seconds
Domain Reload Profiling:
	ReloadAssembly (3658ms)
		BeginReloadAssembly (253ms)
			ExecutionOrderSort (0ms)
			DisableScriptedObjects (7ms)
			BackupInstance (0ms)
			ReleaseScriptingObjects (0ms)
			CreateAndSetChildDomain (91ms)
		EndReloadAssembly (3267ms)
			LoadAssemblies (182ms)
			RebuildTransferFunctionScriptingTraits (0ms)
			SetupTypeCache (330ms)
			ReleaseScriptCaches (2ms)
			RebuildScriptCaches (48ms)
			SetupLoadedEditorAssemblies (2706ms)
				LogAssemblyErrors (0ms)
				InitializePlatformSupportModulesInManaged (29ms)
				SetLoadedEditorAssemblies (1ms)
				RefreshPlugins (1ms)
				BeforeProcessingInitializeOnLoad (92ms)
				ProcessInitializeOnLoadAttributes (2538ms)
				ProcessInitializeOnLoadMethodAttributes (36ms)
				AfterProcessingInitializeOnLoad (10ms)
				EditorAssembliesLoaded (0ms)
			ExecutionOrderSort2 (0ms)
			AwakeInstancesAfterBackupRestoration (9ms)
Platform modules already initialized, skipping
Refreshing native plugins compatible for Editor in 6.61 ms, found 3 plugins.
Preloading 0 native plugins for Editor in 0.00 ms.
Unloading 4279 Unused Serialized files (Serialized files now loaded: 0)
Unloading 25 unused Assets / (78.9 KB). Loaded Objects now: 4763.
Memory consumption went from 150.8 MB to 150.7 MB.
Total: 3.256900 ms (FindLiveObjects: 0.348400 ms CreateObjectMapping: 0.145700 ms MarkObjects: 2.673000 ms  DeleteObjects: 0.088400 ms)

AssetImportParameters requested are different than current active one (requested -> active):
  custom:video-decoder-ogg-theora: a1e56fd34408186e4bbccfd4996cb3dc -> 
  custom:container-muxer-webm: aa71ff27fc2769a1b78a27578f13a17b -> 
  custom:container-demuxer-webm: 4f35f7cbe854078d1ac9338744f61a02 -> 
  custom:video-encoder-webm-vp8: eb34c28f22e8b96e1ab97ce403110664 -> 
  custom:audio-encoder-webm-vorbis: bf7c407c2cedff20999df2af8eb42d56 -> 
  custom:framework-win-MediaFoundation: 216162199b28c13a410421893ffa2e32 -> 
  custom:container-demuxer-ogg: 62fdf1f143b41e24485cea50d1cbac27 -> 
  custom:video-decoder-webm-vp8: 9c59270c3fd7afecdb556c50c9e8de78 -> 
  custom:audio-decoder-ogg-vorbis: bf7c407c2cedff20999df2af8eb42d56 -> 
